{"/home/maiye/class2022/src/app.ts": {"path":"/home/maiye/class2022/src/app.ts","statementMap":{"0":{"start":{"line":1,"column":0},"end":{"line":1,"column":29}},"1":{"start":{"line":3,"column":0},"end":{"line":3,"column":48}},"2":{"start":{"line":5,"column":0},"end":{"line":5,"column":null}},"3":{"start":{"line":7,"column":13},"end":{"line":7,"column":29}},"4":{"start":{"line":8,"column":0},"end":{"line":10,"column":null}},"5":{"start":{"line":9,"column":4},"end":{"line":9,"column":null}},"6":{"start":{"line":12,"column":0},"end":{"line":12,"column":null}}},"fnMap":{"0":{"name":"(anonymous_1)","decl":{"start":{"line":8,"column":19},"end":{"line":8,"column":21}},"loc":{"start":{"line":8,"column":23},"end":{"line":10,"column":1}}}},"branchMap":{},"s":{"0":2,"1":2,"2":2,"3":2,"4":2,"5":2,"6":2},"f":{"0":2},"b":{}}
,"/home/maiye/class2022/src/server.ts": {"path":"/home/maiye/class2022/src/server.ts","statementMap":{"0":{"start":{"line":1,"column":0},"end":{"line":1,"column":30}},"1":{"start":{"line":2,"column":12},"end":{"line":2,"column":21}},"2":{"start":{"line":3,"column":0},"end":{"line":3,"column":28}},"3":{"start":{"line":4,"column":0},"end":{"line":4,"column":16}},"4":{"start":{"line":6,"column":0},"end":{"line":6,"column":37}},"5":{"start":{"line":8,"column":0},"end":{"line":8,"column":32}},"6":{"start":{"line":9,"column":0},"end":{"line":9,"column":43}},"7":{"start":{"line":11,"column":11},"end":{"line":11,"column":30}},"8":{"start":{"line":12,"column":0},"end":{"line":14,"column":3}},"9":{"start":{"line":13,"column":2},"end":{"line":13,"column":23}},"10":{"start":{"line":15,"column":0},"end":{"line":17,"column":3}},"11":{"start":{"line":16,"column":2},"end":{"line":16,"column":36}},"12":{"start":{"line":19,"column":0},"end":{"line":19,"column":37}},"13":{"start":{"line":20,"column":0},"end":{"line":20,"column":65}},"14":{"start":{"line":21,"column":0},"end":{"line":21,"column":27}},"15":{"start":{"line":23,"column":0},"end":{"line":23,"column":47}},"16":{"start":{"line":24,"column":0},"end":{"line":24,"column":30}},"17":{"start":{"line":26,"column":0},"end":{"line":26,"column":47}},"18":{"start":{"line":27,"column":0},"end":{"line":27,"column":30}},"19":{"start":{"line":29,"column":0},"end":{"line":29,"column":43}},"20":{"start":{"line":30,"column":0},"end":{"line":30,"column":41}},"21":{"start":{"line":32,"column":0},"end":{"line":47,"column":null}},"22":{"start":{"line":33,"column":18},"end":{"line":44,"column":4}},"23":{"start":{"line":45,"column":16},"end":{"line":45,"column":37}},"24":{"start":{"line":46,"column":2},"end":{"line":46,"column":64}},"25":{"start":{"line":49,"column":0},"end":{"line":49,"column":24}},"26":{"start":{"line":50,"column":15},"end":{"line":50,"column":37}},"27":{"start":{"line":51,"column":0},"end":{"line":51,"column":16}}},"fnMap":{"0":{"name":"(anonymous_1)","decl":{"start":{"line":12,"column":15},"end":{"line":12,"column":16}},"loc":{"start":{"line":12,"column":25},"end":{"line":14,"column":1}}},"1":{"name":"(anonymous_2)","decl":{"start":{"line":15,"column":16},"end":{"line":15,"column":19}},"loc":{"start":{"line":15,"column":21},"end":{"line":17,"column":1}}}},"branchMap":{"0":{"loc":{"start":{"line":32,"column":0},"end":{"line":47,"column":null}},"type":"if","locations":[{"start":{"line":32,"column":0},"end":{"line":47,"column":null}}]}},"s":{"0":3,"1":3,"2":3,"3":3,"4":3,"5":3,"6":3,"7":3,"8":3,"9":0,"10":3,"11":3,"12":3,"13":3,"14":3,"15":3,"16":3,"17":3,"18":3,"19":3,"20":3,"21":3,"22":0,"23":0,"24":0,"25":3,"26":3,"27":3},"f":{"0":0,"1":3},"b":{"0":[0]}}
,"/home/maiye/class2022/src/socket_server.ts": {"path":"/home/maiye/class2022/src/socket_server.ts","statementMap":{"0":{"start":{"line":2,"column":0},"end":{"line":2,"column":35}},"1":{"start":{"line":4,"column":0},"end":{"line":4,"column":44}},"2":{"start":{"line":5,"column":0},"end":{"line":5,"column":47}},"3":{"start":{"line":6,"column":0},"end":{"line":6,"column":30}},"4":{"start":{"line":7,"column":0},"end":{"line":7,"column":34}},"5":{"start":{"line":8,"column":0},"end":{"line":8,"column":57}},"6":{"start":{"line":11,"column":18},"end":{"line":11,"column":65}},"7":{"start":{"line":12,"column":18},"end":{"line":12,"column":39}},"8":{"start":{"line":14,"column":33},"end":{"line":17,"column":null}},"9":{"start":{"line":14,"column":43},"end":{"line":17,"column":null}},"10":{"start":{"line":15,"column":4},"end":{"line":15,"column":null}},"11":{"start":{"line":16,"column":4},"end":{"line":16,"column":null}},"12":{"start":{"line":14,"column":13},"end":{"line":14,"column":33}},"13":{"start":{"line":19,"column":36},"end":{"line":22,"column":1}},"14":{"start":{"line":20,"column":4},"end":{"line":20,"column":null}},"15":{"start":{"line":21,"column":4},"end":{"line":21,"column":null}},"16":{"start":{"line":19,"column":13},"end":{"line":19,"column":36}},"17":{"start":{"line":24,"column":33},"end":{"line":56,"column":null}},"18":{"start":{"line":24,"column":80},"end":{"line":56,"column":null}},"19":{"start":{"line":25,"column":4},"end":{"line":25,"column":38}},"20":{"start":{"line":27,"column":4},"end":{"line":27,"column":null}},"21":{"start":{"line":28,"column":4},"end":{"line":28,"column":null}},"22":{"start":{"line":29,"column":4},"end":{"line":29,"column":62}},"23":{"start":{"line":31,"column":4},"end":{"line":43,"column":7}},"24":{"start":{"line":31,"column":44},"end":{"line":43,"column":6}},"25":{"start":{"line":32,"column":20},"end":{"line":32,"column":47}},"26":{"start":{"line":33,"column":8},"end":{"line":33,"column":null}},"27":{"start":{"line":33,"column":26},"end":{"line":33,"column":null}},"28":{"start":{"line":34,"column":8},"end":{"line":34,"column":null}},"29":{"start":{"line":35,"column":8},"end":{"line":42,"column":null}},"30":{"start":{"line":36,"column":12},"end":{"line":41,"column":null}},"31":{"start":{"line":37,"column":16},"end":{"line":37,"column":56}},"32":{"start":{"line":39,"column":16},"end":{"line":39,"column":null}},"33":{"start":{"line":40,"column":16},"end":{"line":40,"column":null}},"34":{"start":{"line":45,"column":4},"end":{"line":54,"column":7}},"35":{"start":{"line":45,"column":51},"end":{"line":54,"column":6}},"36":{"start":{"line":46,"column":8},"end":{"line":46,"column":null}},"37":{"start":{"line":47,"column":8},"end":{"line":47,"column":null}},"38":{"start":{"line":48,"column":8},"end":{"line":48,"column":33}},"39":{"start":{"line":49,"column":8},"end":{"line":49,"column":null}},"40":{"start":{"line":50,"column":8},"end":{"line":50,"column":null}},"41":{"start":{"line":51,"column":8},"end":{"line":53,"column":11}},"42":{"start":{"line":52,"column":12},"end":{"line":52,"column":45}},"43":{"start":{"line":55,"column":4},"end":{"line":55,"column":null}},"44":{"start":{"line":24,"column":13},"end":{"line":24,"column":33}}},"fnMap":{"0":{"name":"(anonymous_8)","decl":{"start":{"line":14,"column":33},"end":{"line":14,"column":41}},"loc":{"start":{"line":14,"column":43},"end":{"line":17,"column":null}}},"1":{"name":"(anonymous_9)","decl":{"start":{"line":14,"column":43},"end":{"line":14,"column":null}},"loc":{"start":{"line":14,"column":43},"end":{"line":17,"column":1}}},"2":{"name":"(anonymous_10)","decl":{"start":{"line":19,"column":36},"end":{"line":19,"column":37}},"loc":{"start":{"line":19,"column":47},"end":{"line":22,"column":1}}},"3":{"name":"(anonymous_11)","decl":{"start":{"line":24,"column":33},"end":{"line":24,"column":40}},"loc":{"start":{"line":24,"column":80},"end":{"line":56,"column":null}}},"4":{"name":"(anonymous_12)","decl":{"start":{"line":24,"column":80},"end":{"line":24,"column":null}},"loc":{"start":{"line":24,"column":80},"end":{"line":56,"column":1}}},"5":{"name":"(anonymous_13)","decl":{"start":{"line":31,"column":21},"end":{"line":31,"column":28}},"loc":{"start":{"line":31,"column":44},"end":{"line":43,"column":6}}},"6":{"name":"(anonymous_14)","decl":{"start":{"line":31,"column":44},"end":{"line":31,"column":null}},"loc":{"start":{"line":31,"column":44},"end":{"line":43,"column":5}}},"7":{"name":"(anonymous_15)","decl":{"start":{"line":35,"column":59},"end":{"line":35,"column":60}},"loc":{"start":{"line":35,"column":73},"end":{"line":42,"column":9}}},"8":{"name":"(anonymous_16)","decl":{"start":{"line":45,"column":34},"end":{"line":45,"column":41}},"loc":{"start":{"line":45,"column":51},"end":{"line":54,"column":6}}},"9":{"name":"(anonymous_17)","decl":{"start":{"line":45,"column":51},"end":{"line":45,"column":null}},"loc":{"start":{"line":45,"column":51},"end":{"line":54,"column":5}}},"10":{"name":"(anonymous_18)","decl":{"start":{"line":51,"column":32},"end":{"line":51,"column":35}},"loc":{"start":{"line":51,"column":37},"end":{"line":53,"column":9}}}},"branchMap":{"0":{"loc":{"start":{"line":33,"column":8},"end":{"line":33,"column":null}},"type":"if","locations":[{"start":{"line":33,"column":8},"end":{"line":33,"column":null}}]},"1":{"loc":{"start":{"line":36,"column":12},"end":{"line":41,"column":null}},"type":"if","locations":[{"start":{"line":36,"column":12},"end":{"line":41,"column":null}},{"start":{"line":38,"column":18},"end":{"line":41,"column":null}}]}},"s":{"0":3,"1":3,"2":3,"3":3,"4":3,"5":3,"6":3,"7":3,"8":3,"9":2,"10":2,"11":0,"12":3,"13":3,"14":1,"15":1,"16":3,"17":3,"18":2,"19":2,"20":2,"21":0,"22":0,"23":0,"24":0,"25":0,"26":0,"27":0,"28":0,"29":0,"30":0,"31":0,"32":0,"33":0,"34":0,"35":0,"36":0,"37":0,"38":0,"39":0,"40":0,"41":0,"42":0,"43":0,"44":3},"f":{"0":2,"1":2,"2":1,"3":2,"4":2,"5":0,"6":0,"7":0,"8":0,"9":0,"10":0},"b":{"0":[0],"1":[0,0]}}
,"/home/maiye/class2022/src/common/auth_middleware.ts": {"path":"/home/maiye/class2022/src/common/auth_middleware.ts","statementMap":{"0":{"start":{"line":2,"column":0},"end":{"line":2,"column":30}},"1":{"start":{"line":3,"column":0},"end":{"line":3,"column":47}},"2":{"start":{"line":5,"column":23},"end":{"line":18,"column":null}},"3":{"start":{"line":5,"column":80},"end":{"line":18,"column":null}},"4":{"start":{"line":6,"column":16},"end":{"line":6,"column":44}},"5":{"start":{"line":7,"column":4},"end":{"line":9,"column":null}},"6":{"start":{"line":8,"column":8},"end":{"line":8,"column":null}},"7":{"start":{"line":10,"column":4},"end":{"line":10,"column":null}},"8":{"start":{"line":11,"column":4},"end":{"line":17,"column":null}},"9":{"start":{"line":12,"column":8},"end":{"line":14,"column":null}},"10":{"start":{"line":13,"column":12},"end":{"line":13,"column":null}},"11":{"start":{"line":15,"column":8},"end":{"line":15,"column":null}},"12":{"start":{"line":16,"column":8},"end":{"line":16,"column":null}},"13":{"start":{"line":20,"column":0},"end":{"line":20,"column":null}}},"fnMap":{"0":{"name":"(anonymous_8)","decl":{"start":{"line":5,"column":23},"end":{"line":5,"column":30}},"loc":{"start":{"line":5,"column":80},"end":{"line":18,"column":null}}},"1":{"name":"(anonymous_9)","decl":{"start":{"line":5,"column":80},"end":{"line":5,"column":null}},"loc":{"start":{"line":5,"column":80},"end":{"line":18,"column":1}}},"2":{"name":"(anonymous_10)","decl":{"start":{"line":11,"column":53},"end":{"line":11,"column":54}},"loc":{"start":{"line":11,"column":67},"end":{"line":17,"column":5}}}},"branchMap":{"0":{"loc":{"start":{"line":7,"column":4},"end":{"line":9,"column":null}},"type":"if","locations":[{"start":{"line":7,"column":4},"end":{"line":9,"column":null}}]},"1":{"loc":{"start":{"line":7,"column":8},"end":{"line":7,"column":43}},"type":"binary-expr","locations":[{"start":{"line":7,"column":8},"end":{"line":7,"column":26}},{"start":{"line":7,"column":30},"end":{"line":7,"column":43}}]},"2":{"loc":{"start":{"line":12,"column":8},"end":{"line":14,"column":null}},"type":"if","locations":[{"start":{"line":12,"column":8},"end":{"line":14,"column":null}}]}},"s":{"0":3,"1":3,"2":3,"3":11,"4":11,"5":11,"6":0,"7":11,"8":11,"9":11,"10":2,"11":9,"12":9,"13":3},"f":{"0":11,"1":11,"2":11},"b":{"0":[0],"1":[11,11],"2":[2]}}
,"/home/maiye/class2022/src/common/req_res_wrapper.ts": {"path":"/home/maiye/class2022/src/common/req_res_wrapper.ts","statementMap":{"0":{"start":{"line":6,"column":8},"end":{"line":6,"column":null}},"1":{"start":{"line":2,"column":0},"end":{"line":2,"column":13}},"2":{"start":{"line":10,"column":26},"end":{"line":12,"column":1}},"3":{"start":{"line":11,"column":4},"end":{"line":11,"column":null}},"4":{"start":{"line":10,"column":13},"end":{"line":10,"column":26}},"5":{"start":{"line":19,"column":8},"end":{"line":19,"column":null}},"6":{"start":{"line":22,"column":8},"end":{"line":22,"column":null}},"7":{"start":{"line":23,"column":8},"end":{"line":23,"column":null}},"8":{"start":{"line":27,"column":8},"end":{"line":27,"column":null}},"9":{"start":{"line":14,"column":0},"end":{"line":14,"column":13}},"10":{"start":{"line":31,"column":26},"end":{"line":33,"column":1}},"11":{"start":{"line":32,"column":4},"end":{"line":32,"column":null}},"12":{"start":{"line":31,"column":13},"end":{"line":31,"column":26}}},"fnMap":{"0":{"name":"(anonymous_0)","decl":{"start":{"line":5,"column":4},"end":{"line":5,"column":16}},"loc":{"start":{"line":5,"column":24},"end":{"line":7,"column":5}}},"1":{"name":"(anonymous_1)","decl":{"start":{"line":10,"column":26},"end":{"line":10,"column":27}},"loc":{"start":{"line":10,"column":35},"end":{"line":12,"column":1}}},"2":{"name":"(anonymous_2)","decl":{"start":{"line":18,"column":4},"end":{"line":18,"column":16}},"loc":{"start":{"line":18,"column":37},"end":{"line":20,"column":5}}},"3":{"name":"(anonymous_3)","decl":{"start":{"line":21,"column":4},"end":{"line":21,"column":10}},"loc":{"start":{"line":21,"column":25},"end":{"line":24,"column":5}}},"4":{"name":"(anonymous_4)","decl":{"start":{"line":26,"column":4},"end":{"line":26,"column":8}},"loc":{"start":{"line":26,"column":12},"end":{"line":28,"column":5}}},"5":{"name":"(anonymous_5)","decl":{"start":{"line":31,"column":26},"end":{"line":31,"column":27}},"loc":{"start":{"line":31,"column":51},"end":{"line":33,"column":1}}}},"branchMap":{},"s":{"0":0,"1":3,"2":3,"3":0,"4":3,"5":0,"6":0,"7":0,"8":0,"9":3,"10":3,"11":0,"12":3},"f":{"0":0,"1":0,"2":0,"3":0,"4":0,"5":0},"b":{}}
,"/home/maiye/class2022/src/controllers/auth.ts": {"path":"/home/maiye/class2022/src/controllers/auth.ts","statementMap":{"0":{"start":{"line":1,"column":0},"end":{"line":1,"column":39}},"1":{"start":{"line":3,"column":0},"end":{"line":3,"column":48}},"2":{"start":{"line":4,"column":0},"end":{"line":4,"column":27}},"3":{"start":{"line":5,"column":0},"end":{"line":5,"column":31}},"4":{"start":{"line":13,"column":18},"end":{"line":61,"column":4}},"5":{"start":{"line":13,"column":56},"end":{"line":61,"column":4}},"6":{"start":{"line":14,"column":4},"end":{"line":14,"column":28}},"7":{"start":{"line":16,"column":18},"end":{"line":16,"column":32}},"8":{"start":{"line":17,"column":21},"end":{"line":17,"column":38}},"9":{"start":{"line":19,"column":4},"end":{"line":26,"column":null}},"10":{"start":{"line":25,"column":6},"end":{"line":25,"column":94}},"11":{"start":{"line":29,"column":17},"end":{"line":29,"column":41}},"12":{"start":{"line":30,"column":30},"end":{"line":30,"column":63}},"13":{"start":{"line":34,"column":17},"end":{"line":37,"column":6}},"14":{"start":{"line":38,"column":4},"end":{"line":60,"column":null}},"15":{"start":{"line":39,"column":22},"end":{"line":39,"column":39}},"16":{"start":{"line":41,"column":26},"end":{"line":44,"column":null}},"17":{"start":{"line":46,"column":27},"end":{"line":49,"column":null}},"18":{"start":{"line":51,"column":6},"end":{"line":51,"column":42}},"19":{"start":{"line":52,"column":6},"end":{"line":52,"column":27}},"20":{"start":{"line":53,"column":6},"end":{"line":57,"column":9}},"21":{"start":{"line":59,"column":6},"end":{"line":59,"column":78}},"22":{"start":{"line":68,"column":15},"end":{"line":115,"column":2}},"23":{"start":{"line":68,"column":54},"end":{"line":115,"column":2}},"24":{"start":{"line":69,"column":4},"end":{"line":69,"column":null}},"25":{"start":{"line":70,"column":18},"end":{"line":70,"column":32}},"26":{"start":{"line":71,"column":21},"end":{"line":71,"column":38}},"27":{"start":{"line":72,"column":4},"end":{"line":76,"column":null}},"28":{"start":{"line":73,"column":6},"end":{"line":75,"column":52}},"29":{"start":{"line":78,"column":4},"end":{"line":114,"column":null}},"30":{"start":{"line":80,"column":19},"end":{"line":80,"column":55}},"31":{"start":{"line":81,"column":6},"end":{"line":85,"column":null}},"32":{"start":{"line":82,"column":8},"end":{"line":84,"column":54}},"33":{"start":{"line":87,"column":20},"end":{"line":87,"column":65}},"34":{"start":{"line":88,"column":6},"end":{"line":92,"column":null}},"35":{"start":{"line":89,"column":8},"end":{"line":91,"column":54}},"36":{"start":{"line":95,"column":26},"end":{"line":98,"column":null}},"37":{"start":{"line":100,"column":27},"end":{"line":103,"column":null}},"38":{"start":{"line":105,"column":6},"end":{"line":105,"column":39}},"39":{"start":{"line":106,"column":6},"end":{"line":106,"column":24}},"40":{"start":{"line":107,"column":6},"end":{"line":111,"column":9}},"41":{"start":{"line":113,"column":6},"end":{"line":113,"column":78}},"42":{"start":{"line":124,"column":20},"end":{"line":166,"column":4}},"43":{"start":{"line":124,"column":58},"end":{"line":166,"column":4}},"44":{"start":{"line":125,"column":4},"end":{"line":125,"column":30}},"45":{"start":{"line":127,"column":16},"end":{"line":127,"column":44}},"46":{"start":{"line":128,"column":4},"end":{"line":130,"column":null}},"47":{"start":{"line":129,"column":6},"end":{"line":129,"column":51}},"48":{"start":{"line":131,"column":4},"end":{"line":131,"column":32}},"49":{"start":{"line":132,"column":4},"end":{"line":165,"column":7}},"50":{"start":{"line":132,"column":78},"end":{"line":165,"column":6}},"51":{"start":{"line":133,"column":6},"end":{"line":135,"column":null}},"52":{"start":{"line":134,"column":8},"end":{"line":134,"column":53}},"53":{"start":{"line":136,"column":6},"end":{"line":136,"column":28}},"54":{"start":{"line":138,"column":6},"end":{"line":164,"column":null}},"55":{"start":{"line":139,"column":21},"end":{"line":139,"column":48}},"56":{"start":{"line":140,"column":8},"end":{"line":144,"column":null}},"57":{"start":{"line":141,"column":10},"end":{"line":141,"column":33}},"58":{"start":{"line":142,"column":10},"end":{"line":142,"column":28}},"59":{"start":{"line":143,"column":10},"end":{"line":143,"column":80}},"60":{"start":{"line":145,"column":28},"end":{"line":148,"column":null}},"61":{"start":{"line":150,"column":29},"end":{"line":153,"column":null}},"62":{"start":{"line":155,"column":8},"end":{"line":155,"column":41}},"63":{"start":{"line":156,"column":8},"end":{"line":156,"column":26}},"64":{"start":{"line":157,"column":8},"end":{"line":161,"column":11}},"65":{"start":{"line":163,"column":8},"end":{"line":163,"column":78}},"66":{"start":{"line":173,"column":16},"end":{"line":183,"column":4}},"67":{"start":{"line":173,"column":54},"end":{"line":183,"column":4}},"68":{"start":{"line":174,"column":4},"end":{"line":182,"column":null}},"69":{"start":{"line":175,"column":19},"end":{"line":175,"column":66}},"70":{"start":{"line":176,"column":6},"end":{"line":176,"column":null}},"71":{"start":{"line":177,"column":6},"end":{"line":177,"column":null}},"72":{"start":{"line":178,"column":6},"end":{"line":178,"column":59}},"73":{"start":{"line":181,"column":6},"end":{"line":181,"column":76}},"74":{"start":{"line":185,"column":2},"end":{"line":190,"column":4}}},"fnMap":{"0":{"name":"(anonymous_8)","decl":{"start":{"line":13,"column":18},"end":{"line":13,"column":25}},"loc":{"start":{"line":13,"column":56},"end":{"line":61,"column":4}}},"1":{"name":"(anonymous_9)","decl":{"start":{"line":13,"column":56},"end":{"line":13,"column":null}},"loc":{"start":{"line":13,"column":56},"end":{"line":61,"column":3}}},"2":{"name":"(anonymous_10)","decl":{"start":{"line":68,"column":15},"end":{"line":68,"column":22}},"loc":{"start":{"line":68,"column":54},"end":{"line":115,"column":2}}},"3":{"name":"(anonymous_11)","decl":{"start":{"line":68,"column":54},"end":{"line":68,"column":null}},"loc":{"start":{"line":68,"column":54},"end":{"line":115,"column":1}}},"4":{"name":"(anonymous_12)","decl":{"start":{"line":124,"column":20},"end":{"line":124,"column":27}},"loc":{"start":{"line":124,"column":58},"end":{"line":166,"column":4}}},"5":{"name":"(anonymous_13)","decl":{"start":{"line":124,"column":58},"end":{"line":124,"column":null}},"loc":{"start":{"line":124,"column":58},"end":{"line":166,"column":3}}},"6":{"name":"(anonymous_14)","decl":{"start":{"line":132,"column":56},"end":{"line":132,"column":63}},"loc":{"start":{"line":132,"column":78},"end":{"line":165,"column":6}}},"7":{"name":"(anonymous_15)","decl":{"start":{"line":132,"column":78},"end":{"line":132,"column":null}},"loc":{"start":{"line":132,"column":78},"end":{"line":165,"column":5}}},"8":{"name":"(anonymous_16)","decl":{"start":{"line":173,"column":16},"end":{"line":173,"column":23}},"loc":{"start":{"line":173,"column":54},"end":{"line":183,"column":4}}},"9":{"name":"(anonymous_17)","decl":{"start":{"line":173,"column":54},"end":{"line":173,"column":null}},"loc":{"start":{"line":173,"column":54},"end":{"line":183,"column":3}}}},"branchMap":{"0":{"loc":{"start":{"line":19,"column":4},"end":{"line":26,"column":null}},"type":"if","locations":[{"start":{"line":19,"column":4},"end":{"line":26,"column":null}}]},"1":{"loc":{"start":{"line":20,"column":6},"end":{"line":23,"column":27}},"type":"binary-expr","locations":[{"start":{"line":20,"column":6},"end":{"line":20,"column":19}},{"start":{"line":21,"column":6},"end":{"line":21,"column":24}},{"start":{"line":22,"column":6},"end":{"line":22,"column":22}},{"start":{"line":23,"column":6},"end":{"line":23,"column":27}}]},"2":{"loc":{"start":{"line":72,"column":4},"end":{"line":76,"column":null}},"type":"if","locations":[{"start":{"line":72,"column":4},"end":{"line":76,"column":null}}]},"3":{"loc":{"start":{"line":72,"column":8},"end":{"line":72,"column":41}},"type":"binary-expr","locations":[{"start":{"line":72,"column":8},"end":{"line":72,"column":21}},{"start":{"line":72,"column":25},"end":{"line":72,"column":41}}]},"4":{"loc":{"start":{"line":81,"column":6},"end":{"line":85,"column":null}},"type":"if","locations":[{"start":{"line":81,"column":6},"end":{"line":85,"column":null}}]},"5":{"loc":{"start":{"line":88,"column":6},"end":{"line":92,"column":null}},"type":"if","locations":[{"start":{"line":88,"column":6},"end":{"line":92,"column":null}}]},"6":{"loc":{"start":{"line":128,"column":4},"end":{"line":130,"column":null}},"type":"if","locations":[{"start":{"line":128,"column":4},"end":{"line":130,"column":null}}]},"7":{"loc":{"start":{"line":128,"column":8},"end":{"line":128,"column":43}},"type":"binary-expr","locations":[{"start":{"line":128,"column":8},"end":{"line":128,"column":26}},{"start":{"line":128,"column":30},"end":{"line":128,"column":43}}]},"8":{"loc":{"start":{"line":133,"column":6},"end":{"line":135,"column":null}},"type":"if","locations":[{"start":{"line":133,"column":6},"end":{"line":135,"column":null}}]},"9":{"loc":{"start":{"line":140,"column":8},"end":{"line":144,"column":null}},"type":"if","locations":[{"start":{"line":140,"column":8},"end":{"line":144,"column":null}}]}},"s":{"0":3,"1":3,"2":3,"3":3,"4":3,"5":6,"6":6,"7":6,"8":6,"9":6,"10":1,"11":5,"12":5,"13":5,"14":5,"15":5,"16":4,"17":4,"18":4,"19":4,"20":4,"21":1,"22":3,"23":4,"24":4,"25":4,"26":4,"27":4,"28":1,"29":3,"30":3,"31":3,"32":1,"33":2,"34":2,"35":1,"36":1,"37":1,"38":1,"39":1,"40":1,"41":0,"42":3,"43":3,"44":3,"45":3,"46":3,"47":1,"48":2,"49":2,"50":2,"51":2,"52":1,"53":1,"54":1,"55":1,"56":1,"57":0,"58":0,"59":0,"60":1,"61":1,"62":1,"63":1,"64":1,"65":0,"66":3,"67":1,"68":1,"69":1,"70":1,"71":0,"72":0,"73":1,"74":3},"f":{"0":6,"1":6,"2":4,"3":4,"4":3,"5":3,"6":2,"7":2,"8":1,"9":1},"b":{"0":[1],"1":[6,5,5,5],"2":[1],"3":[4,3],"4":[1],"5":[1],"6":[1],"7":[3,2],"8":[1],"9":[0]}}
,"/home/maiye/class2022/src/controllers/post.ts": {"path":"/home/maiye/class2022/src/controllers/post.ts","statementMap":{"0":{"start":{"line":3,"column":0},"end":{"line":3,"column":40}},"1":{"start":{"line":4,"column":0},"end":{"line":4,"column":55}},"2":{"start":{"line":11,"column":27},"end":{"line":28,"column":2}},"3":{"start":{"line":11,"column":65},"end":{"line":28,"column":2}},"4":{"start":{"line":12,"column":2},"end":{"line":12,"column":29}},"5":{"start":{"line":14,"column":2},"end":{"line":27,"column":null}},"6":{"start":{"line":15,"column":19},"end":{"line":15,"column":35}},"7":{"start":{"line":17,"column":4},"end":{"line":21,"column":null}},"8":{"start":{"line":18,"column":6},"end":{"line":18,"column":50}},"9":{"start":{"line":20,"column":6},"end":{"line":20,"column":32}},"10":{"start":{"line":22,"column":4},"end":{"line":22,"column":32}},"11":{"start":{"line":24,"column":4},"end":{"line":26,"column":7}},"12":{"start":{"line":11,"column":13},"end":{"line":11,"column":27}},"13":{"start":{"line":30,"column":27},"end":{"line":51,"column":2}},"14":{"start":{"line":30,"column":65},"end":{"line":51,"column":2}},"15":{"start":{"line":31,"column":2},"end":{"line":31,"column":49}},"16":{"start":{"line":32,"column":13},"end":{"line":32,"column":26}},"17":{"start":{"line":33,"column":2},"end":{"line":35,"column":null}},"18":{"start":{"line":34,"column":4},"end":{"line":34,"column":59}},"19":{"start":{"line":37,"column":2},"end":{"line":50,"column":null}},"20":{"start":{"line":38,"column":17},"end":{"line":38,"column":40}},"21":{"start":{"line":39,"column":4},"end":{"line":45,"column":null}},"22":{"start":{"line":40,"column":6},"end":{"line":42,"column":9}},"23":{"start":{"line":44,"column":6},"end":{"line":44,"column":33}},"24":{"start":{"line":47,"column":4},"end":{"line":49,"column":7}},"25":{"start":{"line":30,"column":13},"end":{"line":30,"column":27}},"26":{"start":{"line":58,"column":29},"end":{"line":76,"column":2}},"27":{"start":{"line":58,"column":87},"end":{"line":76,"column":2}},"28":{"start":{"line":59,"column":2},"end":{"line":59,"column":24}},"29":{"start":{"line":60,"column":17},"end":{"line":60,"column":29}},"30":{"start":{"line":61,"column":15},"end":{"line":64,"column":4}},"31":{"start":{"line":66,"column":2},"end":{"line":75,"column":null}},"32":{"start":{"line":67,"column":20},"end":{"line":67,"column":37}},"33":{"start":{"line":69,"column":4},"end":{"line":69,"column":null}},"34":{"start":{"line":70,"column":4},"end":{"line":70,"column":87}},"35":{"start":{"line":72,"column":4},"end":{"line":74,"column":7}},"36":{"start":{"line":58,"column":13},"end":{"line":58,"column":29}},"37":{"start":{"line":78,"column":30},"end":{"line":93,"column":2}},"38":{"start":{"line":78,"column":68},"end":{"line":93,"column":2}},"39":{"start":{"line":79,"column":2},"end":{"line":79,"column":52}},"40":{"start":{"line":80,"column":13},"end":{"line":80,"column":26}},"41":{"start":{"line":81,"column":2},"end":{"line":83,"column":null}},"42":{"start":{"line":82,"column":4},"end":{"line":82,"column":59}},"43":{"start":{"line":85,"column":2},"end":{"line":92,"column":null}},"44":{"start":{"line":86,"column":4},"end":{"line":86,"column":38}},"45":{"start":{"line":87,"column":4},"end":{"line":87,"column":27}},"46":{"start":{"line":89,"column":4},"end":{"line":91,"column":7}},"47":{"start":{"line":78,"column":13},"end":{"line":78,"column":30}},"48":{"start":{"line":114,"column":37},"end":{"line":130,"column":null}},"49":{"start":{"line":114,"column":72},"end":{"line":130,"column":null}},"50":{"start":{"line":115,"column":2},"end":{"line":115,"column":null}},"51":{"start":{"line":116,"column":13},"end":{"line":116,"column":26}},"52":{"start":{"line":117,"column":16},"end":{"line":117,"column":31}},"53":{"start":{"line":118,"column":2},"end":{"line":120,"column":null}},"54":{"start":{"line":119,"column":6},"end":{"line":119,"column":null}},"55":{"start":{"line":122,"column":2},"end":{"line":129,"column":null}},"56":{"start":{"line":123,"column":6},"end":{"line":123,"column":null}},"57":{"start":{"line":124,"column":6},"end":{"line":124,"column":null}},"58":{"start":{"line":126,"column":6},"end":{"line":128,"column":null}},"59":{"start":{"line":114,"column":13},"end":{"line":114,"column":37}}},"fnMap":{"0":{"name":"(anonymous_8)","decl":{"start":{"line":11,"column":27},"end":{"line":11,"column":34}},"loc":{"start":{"line":11,"column":65},"end":{"line":28,"column":2}}},"1":{"name":"(anonymous_9)","decl":{"start":{"line":11,"column":65},"end":{"line":11,"column":null}},"loc":{"start":{"line":11,"column":65},"end":{"line":28,"column":1}}},"2":{"name":"(anonymous_10)","decl":{"start":{"line":30,"column":27},"end":{"line":30,"column":34}},"loc":{"start":{"line":30,"column":65},"end":{"line":51,"column":2}}},"3":{"name":"(anonymous_11)","decl":{"start":{"line":30,"column":65},"end":{"line":30,"column":null}},"loc":{"start":{"line":30,"column":65},"end":{"line":51,"column":1}}},"4":{"name":"(anonymous_12)","decl":{"start":{"line":58,"column":29},"end":{"line":58,"column":36}},"loc":{"start":{"line":58,"column":87},"end":{"line":76,"column":2}}},"5":{"name":"(anonymous_13)","decl":{"start":{"line":58,"column":87},"end":{"line":58,"column":null}},"loc":{"start":{"line":58,"column":87},"end":{"line":76,"column":1}}},"6":{"name":"(anonymous_14)","decl":{"start":{"line":78,"column":30},"end":{"line":78,"column":37}},"loc":{"start":{"line":78,"column":68},"end":{"line":93,"column":2}}},"7":{"name":"(anonymous_15)","decl":{"start":{"line":78,"column":68},"end":{"line":78,"column":null}},"loc":{"start":{"line":78,"column":68},"end":{"line":93,"column":1}}},"8":{"name":"(anonymous_16)","decl":{"start":{"line":114,"column":37},"end":{"line":114,"column":44}},"loc":{"start":{"line":114,"column":72},"end":{"line":130,"column":null}}},"9":{"name":"(anonymous_17)","decl":{"start":{"line":114,"column":72},"end":{"line":114,"column":null}},"loc":{"start":{"line":114,"column":72},"end":{"line":130,"column":1}}}},"branchMap":{"0":{"loc":{"start":{"line":17,"column":4},"end":{"line":21,"column":null}},"type":"if","locations":[{"start":{"line":17,"column":4},"end":{"line":21,"column":null}},{"start":{"line":19,"column":11},"end":{"line":21,"column":null}}]},"1":{"loc":{"start":{"line":17,"column":8},"end":{"line":17,"column":45}},"type":"binary-expr","locations":[{"start":{"line":17,"column":8},"end":{"line":17,"column":22}},{"start":{"line":17,"column":26},"end":{"line":17,"column":45}}]},"2":{"loc":{"start":{"line":33,"column":2},"end":{"line":35,"column":null}},"type":"if","locations":[{"start":{"line":33,"column":2},"end":{"line":35,"column":null}}]},"3":{"loc":{"start":{"line":33,"column":6},"end":{"line":33,"column":35}},"type":"binary-expr","locations":[{"start":{"line":33,"column":6},"end":{"line":33,"column":16}},{"start":{"line":33,"column":20},"end":{"line":33,"column":35}}]},"4":{"loc":{"start":{"line":39,"column":4},"end":{"line":45,"column":null}},"type":"if","locations":[{"start":{"line":39,"column":4},"end":{"line":45,"column":null}},{"start":{"line":43,"column":11},"end":{"line":45,"column":null}}]},"5":{"loc":{"start":{"line":81,"column":2},"end":{"line":83,"column":null}},"type":"if","locations":[{"start":{"line":81,"column":2},"end":{"line":83,"column":null}}]},"6":{"loc":{"start":{"line":81,"column":6},"end":{"line":81,"column":35}},"type":"binary-expr","locations":[{"start":{"line":81,"column":6},"end":{"line":81,"column":16}},{"start":{"line":81,"column":20},"end":{"line":81,"column":35}}]},"7":{"loc":{"start":{"line":118,"column":2},"end":{"line":120,"column":null}},"type":"if","locations":[{"start":{"line":118,"column":2},"end":{"line":120,"column":null}}]},"8":{"loc":{"start":{"line":118,"column":6},"end":{"line":118,"column":35}},"type":"binary-expr","locations":[{"start":{"line":118,"column":6},"end":{"line":118,"column":16}},{"start":{"line":118,"column":20},"end":{"line":118,"column":35}}]}},"s":{"0":3,"1":3,"2":3,"3":2,"4":2,"5":2,"6":2,"7":2,"8":1,"9":1,"10":2,"11":0,"12":3,"13":3,"14":4,"15":4,"16":4,"17":4,"18":0,"19":4,"20":4,"21":3,"22":1,"23":2,"24":1,"25":3,"26":3,"27":2,"28":2,"29":2,"30":2,"31":2,"32":2,"33":1,"34":1,"35":1,"36":3,"37":3,"38":3,"39":3,"40":3,"41":3,"42":1,"43":2,"44":2,"45":1,"46":1,"47":3,"48":3,"49":3,"50":3,"51":3,"52":3,"53":3,"54":1,"55":2,"56":2,"57":1,"58":1,"59":3},"f":{"0":2,"1":2,"2":4,"3":4,"4":2,"5":2,"6":3,"7":3,"8":3,"9":3},"b":{"0":[1,1],"1":[2,1],"2":[0],"3":[4,4],"4":[1,2],"5":[1],"6":[3,2],"7":[1],"8":[3,2]}}
,"/home/maiye/class2022/src/events/common.ts": {"path":"/home/maiye/class2022/src/events/common.ts","statementMap":{"0":{"start":{"line":9,"column":0},"end":{"line":21,"column":null}},"1":{"start":{"line":10,"column":24},"end":{"line":12,"column":5}},"2":{"start":{"line":11,"column":8},"end":{"line":11,"column":null}},"3":{"start":{"line":14,"column":34},"end":{"line":18,"column":5}},"4":{"start":{"line":15,"column":8},"end":{"line":15,"column":null}},"5":{"start":{"line":16,"column":19},"end":{"line":16,"column":29}},"6":{"start":{"line":17,"column":8},"end":{"line":17,"column":null}},"7":{"start":{"line":19,"column":4},"end":{"line":19,"column":42}},"8":{"start":{"line":20,"column":4},"end":{"line":20,"column":57}}},"fnMap":{"0":{"name":"(anonymous_0)","decl":{"start":{"line":9,"column":9},"end":{"line":9,"column":10}},"loc":{"start":{"line":9,"column":38},"end":{"line":21,"column":2}}},"1":{"name":"(anonymous_1)","decl":{"start":{"line":10,"column":24},"end":{"line":10,"column":25}},"loc":{"start":{"line":10,"column":43},"end":{"line":12,"column":5}}},"2":{"name":"(anonymous_2)","decl":{"start":{"line":14,"column":34},"end":{"line":14,"column":35}},"loc":{"start":{"line":14,"column":57},"end":{"line":18,"column":5}}}},"branchMap":{},"s":{"0":3,"1":0,"2":0,"3":0,"4":0,"5":0,"6":0,"7":0,"8":0},"f":{"0":0,"1":0,"2":0},"b":{}}
,"/home/maiye/class2022/src/events/post_events.ts": {"path":"/home/maiye/class2022/src/events/post_events.ts","statementMap":{"0":{"start":{"line":2,"column":0},"end":{"line":2,"column":49}},"1":{"start":{"line":3,"column":0},"end":{"line":3,"column":65}},"2":{"start":{"line":7,"column":0},"end":{"line":18,"column":null}},"3":{"start":{"line":8,"column":20},"end":{"line":16,"column":null}},"4":{"start":{"line":8,"column":38},"end":{"line":16,"column":null}},"5":{"start":{"line":9,"column":8},"end":{"line":9,"column":null}},"6":{"start":{"line":10,"column":8},"end":{"line":10,"column":null}},"7":{"start":{"line":11,"column":20},"end":{"line":11,"column":39}},"8":{"start":{"line":12,"column":20},"end":{"line":14,"column":10}},"9":{"start":{"line":13,"column":12},"end":{"line":13,"column":null}},"10":{"start":{"line":15,"column":8},"end":{"line":15,"column":null}},"11":{"start":{"line":17,"column":4},"end":{"line":17,"column":40}}},"fnMap":{"0":{"name":"(anonymous_7)","decl":{"start":{"line":7,"column":9},"end":{"line":7,"column":10}},"loc":{"start":{"line":7,"column":40},"end":{"line":18,"column":1}}},"1":{"name":"(anonymous_8)","decl":{"start":{"line":8,"column":20},"end":{"line":8,"column":27}},"loc":{"start":{"line":8,"column":38},"end":{"line":16,"column":null}}},"2":{"name":"(anonymous_9)","decl":{"start":{"line":8,"column":38},"end":{"line":8,"column":null}},"loc":{"start":{"line":8,"column":38},"end":{"line":16,"column":5}}},"3":{"name":"(anonymous_10)","decl":{"start":{"line":12,"column":31},"end":{"line":12,"column":32}},"loc":{"start":{"line":12,"column":39},"end":{"line":14,"column":9}}}},"branchMap":{},"s":{"0":3,"1":3,"2":3,"3":0,"4":0,"5":0,"6":0,"7":0,"8":0,"9":0,"10":0,"11":0},"f":{"0":0,"1":0,"2":0,"3":0},"b":{}}
,"/home/maiye/class2022/src/models/post_model.ts": {"path":"/home/maiye/class2022/src/models/post_model.ts","statementMap":{"0":{"start":{"line":1,"column":0},"end":{"line":1,"column":31}},"1":{"start":{"line":3,"column":19},"end":{"line":12,"column":2}},"2":{"start":{"line":14,"column":0},"end":{"line":14,"column":null}}},"fnMap":{},"branchMap":{},"s":{"0":3,"1":3,"2":3},"f":{},"b":{}}
,"/home/maiye/class2022/src/models/user_model.ts": {"path":"/home/maiye/class2022/src/models/user_model.ts","statementMap":{"0":{"start":{"line":1,"column":0},"end":{"line":1,"column":32}},"1":{"start":{"line":3,"column":19},"end":{"line":16,"column":2}},"2":{"start":{"line":18,"column":0},"end":{"line":18,"column":44}}},"fnMap":{},"branchMap":{},"s":{"0":3,"1":3,"2":3},"f":{},"b":{}}
,"/home/maiye/class2022/src/routes/auth_routes.ts": {"path":"/home/maiye/class2022/src/routes/auth_routes.ts","statementMap":{"0":{"start":{"line":1,"column":0},"end":{"line":1,"column":29}},"1":{"start":{"line":2,"column":15},"end":{"line":2,"column":31}},"2":{"start":{"line":3,"column":0},"end":{"line":3,"column":38}},"3":{"start":{"line":4,"column":0},"end":{"line":4,"column":53}},"4":{"start":{"line":6,"column":0},"end":{"line":6,"column":40}},"5":{"start":{"line":7,"column":0},"end":{"line":7,"column":34}},"6":{"start":{"line":8,"column":0},"end":{"line":8,"column":40}},"7":{"start":{"line":9,"column":0},"end":{"line":9,"column":45}},"8":{"start":{"line":14,"column":0},"end":{"line":14,"column":null}}},"fnMap":{},"branchMap":{},"s":{"0":3,"1":3,"2":3,"3":3,"4":3,"5":3,"6":3,"7":3,"8":3},"f":{},"b":{}}
,"/home/maiye/class2022/src/routes/post_routes.ts": {"path":"/home/maiye/class2022/src/routes/post_routes.ts","statementMap":{"0":{"start":{"line":1,"column":0},"end":{"line":1,"column":29}},"1":{"start":{"line":2,"column":15},"end":{"line":2,"column":31}},"2":{"start":{"line":3,"column":0},"end":{"line":3,"column":115}},"3":{"start":{"line":4,"column":0},"end":{"line":4,"column":52}},"4":{"start":{"line":7,"column":0},"end":{"line":7,"column":null}},"5":{"start":{"line":9,"column":0},"end":{"line":9,"column":null}},"6":{"start":{"line":11,"column":0},"end":{"line":11,"column":null}},"7":{"start":{"line":13,"column":0},"end":{"line":13,"column":null}},"8":{"start":{"line":14,"column":0},"end":{"line":14,"column":null}},"9":{"start":{"line":17,"column":0},"end":{"line":17,"column":null}},"10":{"start":{"line":18,"column":0},"end":{"line":18,"column":null}},"11":{"start":{"line":20,"column":0},"end":{"line":20,"column":null}}},"fnMap":{},"branchMap":{},"s":{"0":3,"1":3,"2":3,"3":3,"4":3,"5":3,"6":3,"7":3,"8":3,"9":3,"10":3,"11":3},"f":{},"b":{}}
}
