TN:
SF:src/app.ts
FN:8,(anonymous_1)
FNF:1
FNH:1
FNDA:2,(anonymous_1)
DA:1,2
DA:3,2
DA:5,2
DA:7,2
DA:8,2
DA:9,2
DA:12,2
LF:7
LH:7
BRF:0
BRH:0
end_of_record
TN:
SF:src/server.ts
FN:12,(anonymous_1)
FN:15,(anonymous_2)
FNF:2
FNH:1
FNDA:0,(anonymous_1)
FNDA:3,(anonymous_2)
DA:1,3
DA:2,3
DA:3,3
DA:4,3
DA:6,3
DA:8,3
DA:9,3
DA:11,3
DA:12,3
DA:13,0
DA:15,3
DA:16,3
DA:19,3
DA:20,3
DA:21,3
DA:23,3
DA:24,3
DA:26,3
DA:27,3
DA:29,3
DA:30,3
DA:32,3
DA:33,0
DA:45,0
DA:46,0
DA:49,3
DA:50,3
DA:51,3
LF:28
LH:24
BRDA:32,0,0,0
BRF:1
BRH:0
end_of_record
TN:
SF:src/socket_server.ts
FN:14,(anonymous_8)
FN:14,(anonymous_9)
FN:19,(anonymous_10)
FN:24,(anonymous_11)
FN:24,(anonymous_12)
FN:31,(anonymous_13)
FN:31,(anonymous_14)
FN:35,(anonymous_15)
FN:45,(anonymous_16)
FN:45,(anonymous_17)
FN:51,(anonymous_18)
FNF:11
FNH:5
FNDA:2,(anonymous_8)
FNDA:2,(anonymous_9)
FNDA:1,(anonymous_10)
FNDA:2,(anonymous_11)
FNDA:2,(anonymous_12)
FNDA:0,(anonymous_13)
FNDA:0,(anonymous_14)
FNDA:0,(anonymous_15)
FNDA:0,(anonymous_16)
FNDA:0,(anonymous_17)
FNDA:0,(anonymous_18)
DA:2,3
DA:4,3
DA:5,3
DA:6,3
DA:7,3
DA:8,3
DA:11,3
DA:12,3
DA:14,3
DA:15,2
DA:16,0
DA:19,3
DA:20,1
DA:21,1
DA:24,3
DA:25,2
DA:27,2
DA:28,0
DA:29,0
DA:31,0
DA:32,0
DA:33,0
DA:34,0
DA:35,0
DA:36,0
DA:37,0
DA:39,0
DA:40,0
DA:45,0
DA:46,0
DA:47,0
DA:48,0
DA:49,0
DA:50,0
DA:51,0
DA:52,0
DA:55,0
LF:37
LH:16
BRDA:33,0,0,0
BRDA:36,1,0,0
BRDA:36,1,1,0
BRF:3
BRH:0
end_of_record
TN:
SF:src/common/auth_middleware.ts
FN:5,(anonymous_8)
FN:5,(anonymous_9)
FN:11,(anonymous_10)
FNF:3
FNH:3
FNDA:11,(anonymous_8)
FNDA:11,(anonymous_9)
FNDA:11,(anonymous_10)
DA:2,3
DA:3,3
DA:5,11
DA:6,11
DA:7,11
DA:8,0
DA:10,11
DA:11,11
DA:12,11
DA:13,2
DA:15,9
DA:16,9
DA:20,3
LF:13
LH:12
BRDA:7,0,0,0
BRDA:7,1,0,11
BRDA:7,1,1,11
BRDA:12,2,0,2
BRF:4
BRH:3
end_of_record
TN:
SF:src/common/req_res_wrapper.ts
FN:4,(anonymous_0)
FN:9,(anonymous_1)
FN:17,(anonymous_2)
FN:20,(anonymous_3)
FN:25,(anonymous_4)
FN:30,(anonymous_5)
FNF:6
FNH:0
FNDA:0,(anonymous_0)
FNDA:0,(anonymous_1)
FNDA:0,(anonymous_2)
FNDA:0,(anonymous_3)
FNDA:0,(anonymous_4)
FNDA:0,(anonymous_5)
DA:1,3
DA:5,0
DA:9,3
DA:10,0
DA:13,3
DA:18,0
DA:21,0
DA:22,0
DA:26,0
DA:30,3
DA:31,0
LF:11
LH:4
BRF:0
BRH:0
end_of_record
TN:
SF:src/controllers/auth.ts
FN:13,(anonymous_8)
FN:13,(anonymous_9)
FN:68,(anonymous_10)
FN:68,(anonymous_11)
FN:124,(anonymous_12)
FN:124,(anonymous_13)
FN:132,(anonymous_14)
FN:132,(anonymous_15)
FN:173,(anonymous_16)
FN:173,(anonymous_17)
FNF:10
FNH:10
FNDA:6,(anonymous_8)
FNDA:6,(anonymous_9)
FNDA:4,(anonymous_10)
FNDA:4,(anonymous_11)
FNDA:3,(anonymous_12)
FNDA:3,(anonymous_13)
FNDA:2,(anonymous_14)
FNDA:2,(anonymous_15)
FNDA:1,(anonymous_16)
FNDA:1,(anonymous_17)
DA:1,3
DA:3,3
DA:4,3
DA:5,3
DA:13,6
DA:14,6
DA:16,6
DA:17,6
DA:19,6
DA:25,1
DA:29,5
DA:30,5
DA:34,5
DA:38,5
DA:39,5
DA:41,4
DA:46,4
DA:51,4
DA:52,4
DA:53,4
DA:59,1
DA:68,4
DA:69,4
DA:70,4
DA:71,4
DA:72,4
DA:73,1
DA:78,3
DA:80,3
DA:81,3
DA:82,1
DA:87,2
DA:88,2
DA:89,1
DA:95,1
DA:100,1
DA:105,1
DA:106,1
DA:107,1
DA:113,0
DA:124,3
DA:125,3
DA:127,3
DA:128,3
DA:129,1
DA:131,2
DA:132,2
DA:133,2
DA:134,1
DA:136,1
DA:138,1
DA:139,1
DA:140,1
DA:141,0
DA:142,0
DA:143,0
DA:145,1
DA:150,1
DA:155,1
DA:156,1
DA:157,1
DA:163,0
DA:173,3
DA:174,1
DA:175,1
DA:176,1
DA:177,0
DA:178,0
DA:181,1
DA:185,3
LF:70
LH:63
BRDA:19,0,0,1
BRDA:20,1,0,6
BRDA:20,1,1,5
BRDA:20,1,2,5
BRDA:20,1,3,5
BRDA:72,2,0,1
BRDA:72,3,0,4
BRDA:72,3,1,3
BRDA:81,4,0,1
BRDA:88,5,0,1
BRDA:128,6,0,1
BRDA:128,7,0,3
BRDA:128,7,1,2
BRDA:133,8,0,1
BRDA:140,9,0,0
BRF:15
BRH:14
end_of_record
TN:
SF:src/controllers/post.ts
FN:11,(anonymous_8)
FN:11,(anonymous_9)
FN:30,(anonymous_10)
FN:30,(anonymous_11)
FN:58,(anonymous_12)
FN:58,(anonymous_13)
FN:78,(anonymous_14)
FN:78,(anonymous_15)
FN:114,(anonymous_16)
FN:114,(anonymous_17)
FNF:10
FNH:10
FNDA:2,(anonymous_8)
FNDA:2,(anonymous_9)
FNDA:4,(anonymous_10)
FNDA:4,(anonymous_11)
FNDA:2,(anonymous_12)
FNDA:2,(anonymous_13)
FNDA:3,(anonymous_14)
FNDA:3,(anonymous_15)
FNDA:3,(anonymous_16)
FNDA:3,(anonymous_17)
DA:3,3
DA:4,3
DA:11,3
DA:12,2
DA:14,2
DA:15,2
DA:17,2
DA:18,1
DA:20,1
DA:22,2
DA:24,0
DA:30,4
DA:31,4
DA:32,4
DA:33,4
DA:34,0
DA:37,4
DA:38,4
DA:39,3
DA:40,1
DA:44,2
DA:47,1
DA:58,3
DA:59,2
DA:60,2
DA:61,2
DA:66,2
DA:67,2
DA:69,1
DA:70,1
DA:72,1
DA:78,3
DA:79,3
DA:80,3
DA:81,3
DA:82,1
DA:85,2
DA:86,2
DA:87,1
DA:89,1
DA:114,3
DA:115,3
DA:116,3
DA:117,3
DA:118,3
DA:119,1
DA:122,2
DA:123,2
DA:124,1
DA:126,1
LF:50
LH:48
BRDA:17,0,0,1
BRDA:17,0,1,1
BRDA:17,1,0,2
BRDA:17,1,1,1
BRDA:33,2,0,0
BRDA:33,3,0,4
BRDA:33,3,1,4
BRDA:39,4,0,1
BRDA:39,4,1,2
BRDA:81,5,0,1
BRDA:81,6,0,3
BRDA:81,6,1,2
BRDA:118,7,0,1
BRDA:118,8,0,3
BRDA:118,8,1,2
BRF:15
BRH:14
end_of_record
TN:
SF:src/events/common.ts
FN:9,(anonymous_0)
FN:10,(anonymous_1)
FN:14,(anonymous_2)
FNF:3
FNH:0
FNDA:0,(anonymous_0)
FNDA:0,(anonymous_1)
FNDA:0,(anonymous_2)
DA:9,3
DA:10,0
DA:11,0
DA:14,0
DA:15,0
DA:16,0
DA:17,0
DA:19,0
DA:20,0
LF:9
LH:1
BRF:0
BRH:0
end_of_record
TN:
SF:src/events/post_events.ts
FN:7,(anonymous_7)
FN:8,(anonymous_8)
FN:8,(anonymous_9)
FN:12,(anonymous_10)
FNF:4
FNH:0
FNDA:0,(anonymous_7)
FNDA:0,(anonymous_8)
FNDA:0,(anonymous_9)
FNDA:0,(anonymous_10)
DA:2,3
DA:3,3
DA:7,3
DA:8,0
DA:9,0
DA:10,0
DA:11,0
DA:12,0
DA:13,0
DA:15,0
DA:17,0
LF:11
LH:3
BRF:0
BRH:0
end_of_record
TN:
SF:src/models/post_model.ts
FNF:0
FNH:0
DA:1,3
DA:3,3
DA:14,3
LF:3
LH:3
BRF:0
BRH:0
end_of_record
TN:
SF:src/models/user_model.ts
FNF:0
FNH:0
DA:1,3
DA:3,3
DA:18,3
LF:3
LH:3
BRF:0
BRH:0
end_of_record
TN:
SF:src/routes/auth_routes.ts
FNF:0
FNH:0
DA:1,3
DA:2,3
DA:3,3
DA:4,3
DA:6,3
DA:7,3
DA:8,3
DA:9,3
DA:14,3
LF:9
LH:9
BRF:0
BRH:0
end_of_record
TN:
SF:src/routes/post_routes.ts
FNF:0
FNH:0
DA:1,3
DA:2,3
DA:3,3
DA:4,3
DA:7,3
DA:9,3
DA:11,3
DA:13,3
DA:14,3
DA:17,3
DA:18,3
DA:20,3
LF:12
LH:12
BRF:0
BRH:0
end_of_record
